\BOOKMARK [0][-]{chapter.1}{Introduction}{}% 1
\BOOKMARK [1][-]{section.1.1}{Zielsetzung und Gliederung}{chapter.1}% 2
\BOOKMARK [1][-]{section.1.2}{Geschichte/Literatur}{chapter.1}% 3
\BOOKMARK [0][-]{chapter.2}{Preliminary Design}{}% 4
\BOOKMARK [1][-]{section.2.1}{Vor\374berlegungen \(Justus\)}{chapter.2}% 5
\BOOKMARK [1][-]{section.2.2}{Ideen- und L\366sungsgenerierung \(Justus\)}{chapter.2}% 6
\BOOKMARK [1][-]{section.2.3}{Anforderungen an einen Drucksensor \(Viviane Bremer\)}{chapter.2}% 7
\BOOKMARK [1][-]{section.2.4}{Zwischenfazit und Wahl eines Designs \(Justus\)}{chapter.2}% 8
\BOOKMARK [0][-]{chapter.3}{Actual designing and FEM-Simulation}{}% 9
\BOOKMARK [1][-]{section.3.1}{Sensordesign \(Justus\)}{chapter.3}% 10
\BOOKMARK [1][-]{section.3.2}{Einfluss der Membrandicke auf die maximale Spannung \(Viviane Bremer\)}{chapter.3}% 11
\BOOKMARK [1][-]{section.3.3}{Einfluss der Membranabmessungen auf den Spannungsverlauf}{chapter.3}% 12
\BOOKMARK [2][-]{subsection.3.3.1}{Einfluss der Bossgr\366\337e \(Viviane Bremer\)}{section.3.3}% 13
\BOOKMARK [0][-]{chapter.4}{Etching Process}{}% 14
\BOOKMARK [1][-]{section.4.1}{Der Reaktionsprozess beim Silizium\344tzen \(Viviane Bremer\)}{chapter.4}% 15
\BOOKMARK [0][-]{chapter.5}{Characterising}{}% 16
\BOOKMARK [1][-]{section.5.1}{Allgemeines \(Justus\)}{chapter.5}% 17
\BOOKMARK [1][-]{section.5.2}{Versuchsaufbau und -durchf\374hrung \(Justus\)}{chapter.5}% 18
\BOOKMARK [1][-]{section.5.3}{Auswertung \(Viviane Bremer\)}{chapter.5}% 19
\BOOKMARK [2][-]{subsection.5.3.1}{Sensitivit\344tabsch\344tzung f\374r longitudinales und transversales Sensordesign \(Viviane Bremer\)}{section.5.3}% 20
\BOOKMARK [2][-]{subsection.5.3.2}{Comparing calculated sensitivity with measured sensitivity}{section.5.3}% 21
\BOOKMARK [0][-]{chapter.6}{Circuit Layout}{}% 22
\BOOKMARK [1][-]{section.6.1}{Dimensionierung der Widerst\344nde}{chapter.6}% 23
\BOOKMARK [1][-]{section.6.2}{Erstellen der Schaltung in PSpice \(Viviane Bremer\)}{chapter.6}% 24
\BOOKMARK [1][-]{section.6.3}{Simulation der Auswerteelektronik mit theoretisch berechneten Werten}{chapter.6}% 25
\BOOKMARK [2][-]{subsection.6.3.1}{Einfluss des Offset-Potentiometers \(Viviane Bremer\)}{section.6.3}% 26
\BOOKMARK [2][-]{subsection.6.3.2}{Einfluss des Verst\344rkungs-Potentiometers \(Viviane Bremer\)}{section.6.3}% 27
\BOOKMARK [2][-]{subsection.6.3.3}{Abgleichung der Schaltung \(Viviane Bremer\)}{section.6.3}% 28
\BOOKMARK [1][-]{section.6.4}{Simulation der Auswerteelektronik mit Bauteilwerten/Simulation with real values}{chapter.6}% 29
\BOOKMARK [0][-]{chapter.7}{Evaluation Circuit}{}% 30
\BOOKMARK [1][-]{section.7.1}{Schaltplanerstellung mit Eagle \(Justus\)}{chapter.7}% 31
\BOOKMARK [2][-]{subsection.7.1.1}{Sensoranschluss}{section.7.1}% 32
\BOOKMARK [2][-]{subsection.7.1.2}{Spannungsversorgung}{section.7.1}% 33
\BOOKMARK [2][-]{subsection.7.1.3}{Spannungsstabilisierung des IC}{section.7.1}% 34
\BOOKMARK [2][-]{subsection.7.1.4}{Stecker zum Spannungsabgriff}{section.7.1}% 35
\BOOKMARK [1][-]{section.7.2}{Platinenlayout}{chapter.7}% 36
\BOOKMARK [1][-]{section.7.3}{Platinenerstellung}{chapter.7}% 37
\BOOKMARK [1][-]{section.7.4}{Evaluation}{chapter.7}% 38
\BOOKMARK [0][-]{chapter.8}{Zusammenfassung und Ausblick}{}% 39
\BOOKMARK [0][-]{chapter*.2}{appendix}{}% 40
\BOOKMARK [1][-]{section.A.1}{Morphologischer Kasten}{chapter*.2}% 41
\BOOKMARK [1][-]{section.A.2}{Anforderungsliste}{chapter*.2}% 42
